\BOOKMARK [0][-]{chapter.1}{Introduction}{}% 1
\BOOKMARK [1][-]{section.1.1}{Liquid Crystals}{chapter.1}% 2
\BOOKMARK [2][-]{subsection.1.1.1}{Phases of matter}{section.1.1}% 3
\BOOKMARK [2][-]{subsection.1.1.2}{The Rod Liquid Crystal}{section.1.1}% 4
\BOOKMARK [2][-]{subsection.1.1.3}{The Bent Liquid Crystal}{section.1.1}% 5
\BOOKMARK [2][-]{subsection.1.1.4}{Characterization of Liquid Crystals: Case Study}{section.1.1}% 6
\BOOKMARK [1][-]{section.1.2}{Fluid Dynamics}{chapter.1}% 7
\BOOKMARK [1][-]{section.1.3}{Fluid Dynamics of Liquid Crystals}{chapter.1}% 8
\BOOKMARK [0][-]{chapter.2}{The Discovery of Helicity in Tilted Bent-Core Smectics: Sm\(CP\)}{}% 9
\BOOKMARK [1][-]{section.2.1}{Characterization of PAL30}{chapter.2}% 10
\BOOKMARK [2][-]{subsection.2.1.1}{Experimental Details}{section.2.1}% 11
\BOOKMARK [2][-]{subsection.2.1.2}{Differential Scanning Caliorimetry of PAL30}{section.2.1}% 12
\BOOKMARK [2][-]{subsection.2.1.3}{X-ray Scattering of PAL30}{section.2.1}% 13
\BOOKMARK [2][-]{subsection.2.1.4}{Optical Textures}{section.2.1}% 14
\BOOKMARK [2][-]{subsection.2.1.5}{Polarization Current}{section.2.1}% 15
\BOOKMARK [1][-]{section.2.2}{Results and Discussion}{chapter.2}% 16
\BOOKMARK [0][-]{chapter.3}{Spontaneous Smectic Chirality Beyond the B2 Phase: A Homologous Series of Molecules related to PAL30}{}% 17
\BOOKMARK [1][-]{subsection.3.0.1}{Textures of bent-code de Vries phase}{chapter.3}% 18
\BOOKMARK [2][-]{subsection.3.0.2}{Electro-optics of bent-core de Vries phase}{subsection.3.0.1}% 19
\BOOKMARK [2][-]{subsection.3.0.3}{X-ray analysis of bent-core de Vries phase}{subsection.3.0.1}% 20
\BOOKMARK [1][-]{section.3.1}{Discussion for the bent-core de Vries phase}{chapter.3}% 21
\BOOKMARK [0][-]{chapter.4}{Metrology Applications of Fluid Crystals}{}% 22
\BOOKMARK [1][-]{section.4.1}{Experimental Design}{chapter.4}% 23
\BOOKMARK [1][-]{section.4.2}{Theory and Simulation}{chapter.4}% 24
\BOOKMARK [1][-]{section.4.3}{Results and Discussion}{chapter.4}% 25
\BOOKMARK [-1][-]{chapter*.9}{ Bibliography}{}% 26
