This is pdfTeX, Version 3.14159265-2.6-1.40.16 (TeX Live 2015/Debian) (preloaded format=latex 2018.10.12)  21 JUN 2019 15:30
entering extended mode
 restricted \write18 enabled.
 %&-line parsing enabled.
**chap3-racetrack.tex
(./chap3-racetrack.tex
LaTeX2e <2016/02/01>
Babel <3.9q> and hyphenation patterns for 81 language(s) loaded.
! Undefined control sequence.
l.1 \chapter
            {Metrology Applications of Fluid Films}
? x
 
Here is how much of TeX's memory you used:
 5 strings out of 493030
 166 string characters out of 6136259
 53065 words of memory out of 5000000
 3641 multiletter control sequences out of 15000+600000
 3640 words of font info for 14 fonts, out of 8000000 for 9000
 1141 hyphenation exceptions out of 8191
 5i,0n,1p,71b,8s stack positions out of 5000i,500n,10000p,200000b,80000s
No pages of output.
